########### array before sorts ###########
0	13.970000	35.560000	41.580000	35.560000	n
1	41.580000	35.560000	41.580000	60.950000	n
2	41.580000	60.950000	13.970000	60.950000	n
3	13.970000	60.950000	13.970000	35.560000	n
Tolerance=0.050000.
*Exact match for i=0 and j=1.
*i point 13.970000	35.560000	41.580000	35.560000	y
*Exact match for i=1 and j=2.
*i point 41.580000	35.560000	41.580000	60.950000	y
*Exact match for i=2 and j=3.
*i point 41.580000	60.950000	13.970000	60.950000	y
########### array after sorts ###########
0	13.970000	35.560000	41.580000	35.560000	y
1	41.580000	35.560000	41.580000	60.950000	y
2	41.580000	60.950000	13.970000	60.950000	y
3	13.970000	60.950000	13.970000	35.560000	y
***************
.BOARD_OUTLINE UNOWNED
1.6
0     13.970000     35.560000     0
0     41.580000     35.560000     0
0     41.580000     60.950000     0
0     13.970000     60.950000     0
0     13.970000     35.560000     0
